2023-08-25 19:35:19.946  INFO [-,,,] 19104 --- [           main] [] [] trationDelegate$BeanPostProcessorChecker : Bean 'org.springframework.cloud.autoconfigure.ConfigurationPropertiesRebinderAutoConfiguration' of type [org.springframework.cloud.autoconfigure.ConfigurationPropertiesRebinderAutoConfiguration$$EnhancerBySpringCGLIB$$9ccd17bb] is not eligible for getting processed by all BeanPostProcessors (for example: not eligible for auto-proxying)
2023-08-25 19:35:20.765  INFO [-,,,] 19104 --- [           main] [] [] p.c.j.a.g.i.a.i.c.CitiesResourceTest     : The following profiles are active: test
2023-08-25 19:35:21.589  INFO [-,,,] 19104 --- [           main] [] [] o.s.cloud.context.scope.GenericScope     : BeanFactory id=afd3af6f-ced3-33e7-b752-0ec74fb8b1b4
2023-08-25 19:35:23.037  INFO [-,,,] 19104 --- [           main] [] [] o.s.s.concurrent.ThreadPoolTaskExecutor  : Initializing ExecutorService 'applicationTaskExecutor'
2023-08-25 19:35:23.637  INFO [-,,,] 19104 --- [           main] [] [] o.s.b.t.m.w.SpringBootMockServletContext : Initializing Spring TestDispatcherServlet ''
2023-08-25 19:35:23.637  INFO [-,,,] 19104 --- [           main] [] [] o.s.t.web.servlet.TestDispatcherServlet  : Initializing Servlet ''
2023-08-25 19:35:23.671  INFO [-,,,] 19104 --- [           main] [] [] o.s.t.web.servlet.TestDispatcherServlet  : Completed initialization in 34 ms
2023-08-25 19:35:23.772  INFO [-,,,] 19104 --- [           main] [] [] p.c.j.a.g.i.a.i.c.CitiesResourceTest     : Started CitiesResourceTest in 5.672 seconds (JVM running for 7.357)
2023-08-25 19:35:23.779  INFO [-,,,] 19104 --- [           main] [] [] p.c.jaha.api.general.GeneralApplication  : Ya se inicio el Api de Servicios Generales
2023-08-25 19:35:24.061  INFO [-,,,] 19104 --- [           main] [] [] .b.t.a.w.s.WebMvcTestContextBootstrapper : Neither @ContextConfiguration nor @ContextHierarchy found for test class [py.com.jaha.api.vouchers.infraestructure.adapters.in.states.StatesResourceTest], using SpringBootContextLoader
2023-08-25 19:35:24.078  INFO [-,,,] 19104 --- [           main] [] [] o.s.t.c.support.AbstractContextLoader    : Could not detect default resource locations for test class [py.com.jaha.api.vouchers.infraestructure.adapters.in.states.StatesResourceTest]: no resource found for suffixes {-context.xml, Context.groovy}.
2023-08-25 19:35:24.078  INFO [-,,,] 19104 --- [           main] [] [] t.c.s.AnnotationConfigContextLoaderUtils : Could not detect default configuration classes for test class [py.com.jaha.api.vouchers.infraestructure.adapters.in.states.StatesResourceTest]: StatesResourceTest does not declare any static, non-private, non-final, nested classes annotated with @Configuration.
2023-08-25 19:35:24.108  INFO [-,,,] 19104 --- [           main] [] [] .b.t.c.SpringBootTestContextBootstrapper : Found @SpringBootConfiguration py.com.jaha.api.vouchers.GeneralApplication for test class py.com.jaha.api.vouchers.infraestructure.adapters.in.states.StatesResourceTest
2023-08-25 19:35:24.109  INFO [-,,,] 19104 --- [           main] [] [] .b.t.a.w.s.WebMvcTestContextBootstrapper : Loaded default TestExecutionListener class names from location [META-INF/spring.factories]: [org.springframework.boot.test.mock.mockito.MockitoTestExecutionListener, org.springframework.boot.test.mock.mockito.ResetMocksTestExecutionListener, org.springframework.boot.test.autoconfigure.restdocs.RestDocsTestExecutionListener, org.springframework.boot.test.autoconfigure.web.client.MockRestServiceServerResetTestExecutionListener, org.springframework.boot.test.autoconfigure.web.servlet.MockMvcPrintOnlyOnFailureTestExecutionListener, org.springframework.boot.test.autoconfigure.web.servlet.WebDriverTestExecutionListener, org.springframework.test.context.web.ServletTestExecutionListener, org.springframework.test.context.support.DirtiesContextBeforeModesTestExecutionListener, org.springframework.test.context.support.DependencyInjectionTestExecutionListener, org.springframework.test.context.support.DirtiesContextTestExecutionListener, org.springframework.test.context.transaction.TransactionalTestExecutionListener, org.springframework.test.context.jdbc.SqlScriptsTestExecutionListener]
2023-08-25 19:35:24.109  INFO [-,,,] 19104 --- [           main] [] [] .b.t.a.w.s.WebMvcTestContextBootstrapper : Using TestExecutionListeners: [org.springframework.test.context.web.ServletTestExecutionListener@58b8f9e3, org.springframework.test.context.support.DirtiesContextBeforeModesTestExecutionListener@32a033b6, org.springframework.boot.test.mock.mockito.MockitoTestExecutionListener@5f6e2ad9, org.springframework.boot.test.autoconfigure.SpringBootDependencyInjectionTestExecutionListener@3212bfd, org.springframework.test.context.support.DirtiesContextTestExecutionListener@1cc9bd9b, org.springframework.test.context.transaction.TransactionalTestExecutionListener@2f471037, org.springframework.test.context.jdbc.SqlScriptsTestExecutionListener@1d1cfe4, org.springframework.boot.test.mock.mockito.ResetMocksTestExecutionListener@ba562e0, org.springframework.boot.test.autoconfigure.restdocs.RestDocsTestExecutionListener@5a51336a, org.springframework.boot.test.autoconfigure.web.client.MockRestServiceServerResetTestExecutionListener@4d8056bf, org.springframework.boot.test.autoconfigure.web.servlet.MockMvcPrintOnlyOnFailureTestExecutionListener@42211e04, org.springframework.boot.test.autoconfigure.web.servlet.WebDriverTestExecutionListener@6233c6c2]
2023-08-25 19:35:24.802  INFO [-,,,] 19104 --- [           main] [] [] trationDelegate$BeanPostProcessorChecker : Bean 'org.springframework.cloud.autoconfigure.ConfigurationPropertiesRebinderAutoConfiguration' of type [org.springframework.cloud.autoconfigure.ConfigurationPropertiesRebinderAutoConfiguration$$EnhancerBySpringCGLIB$$9ccd17bb] is not eligible for getting processed by all BeanPostProcessors (for example: not eligible for auto-proxying)
2023-08-25 19:35:25.446  INFO [-,,,] 19104 --- [           main] [] [] p.c.j.a.g.i.a.i.s.StatesResourceTest     : The following profiles are active: test
2023-08-25 19:35:25.789  INFO [-,,,] 19104 --- [           main] [] [] o.s.cloud.context.scope.GenericScope     : BeanFactory id=7fdbcf53-c098-39c7-9eba-3b3025c58b41
2023-08-25 19:35:26.309  INFO [-,,,] 19104 --- [           main] [] [] o.s.s.concurrent.ThreadPoolTaskExecutor  : Initializing ExecutorService 'applicationTaskExecutor'
2023-08-25 19:35:26.611  INFO [-,,,] 19104 --- [           main] [] [] o.s.b.t.m.w.SpringBootMockServletContext : Initializing Spring TestDispatcherServlet ''
2023-08-25 19:35:26.611  INFO [-,,,] 19104 --- [           main] [] [] o.s.t.web.servlet.TestDispatcherServlet  : Initializing Servlet ''
2023-08-25 19:35:26.626  INFO [-,,,] 19104 --- [           main] [] [] o.s.t.web.servlet.TestDispatcherServlet  : Completed initialization in 15 ms
2023-08-25 19:35:26.673  INFO [-,,,] 19104 --- [           main] [] [] p.c.j.a.g.i.a.i.s.StatesResourceTest     : Started StatesResourceTest in 2.561 seconds (JVM running for 10.255)
2023-08-25 19:35:26.673  INFO [-,,,] 19104 --- [           main] [] [] p.c.jaha.api.general.GeneralApplication  : Ya se inicio el Api de Servicios Generales
2023-08-25 19:35:26.723  INFO [-,,,] 19104 --- [       Thread-7] [] [] o.s.s.concurrent.ThreadPoolTaskExecutor  : Shutting down ExecutorService 'applicationTaskExecutor'
2023-08-25 19:35:26.723  INFO [-,,,] 19104 --- [       Thread-3] [] [] o.s.s.concurrent.ThreadPoolTaskExecutor  : Shutting down ExecutorService 'applicationTaskExecutor'
2023-08-25 19:45:42.798  INFO [-,,,] 23008 --- [           main] [] [] trationDelegate$BeanPostProcessorChecker : Bean 'org.springframework.cloud.autoconfigure.ConfigurationPropertiesRebinderAutoConfiguration' of type [org.springframework.cloud.autoconfigure.ConfigurationPropertiesRebinderAutoConfiguration$$EnhancerBySpringCGLIB$$ad63cded] is not eligible for getting processed by all BeanPostProcessors (for example: not eligible for auto-proxying)
2023-08-25 19:45:43.664  INFO [-,,,] 23008 --- [           main] [] [] p.c.j.a.g.i.a.i.s.StatesResourceTest     : The following profiles are active: test
2023-08-25 19:45:44.475  INFO [-,,,] 23008 --- [           main] [] [] o.s.cloud.context.scope.GenericScope     : BeanFactory id=7fdbcf53-c098-39c7-9eba-3b3025c58b41
2023-08-25 19:45:45.841  INFO [-,,,] 23008 --- [           main] [] [] o.s.s.concurrent.ThreadPoolTaskExecutor  : Initializing ExecutorService 'applicationTaskExecutor'
2023-08-25 19:45:46.438  INFO [-,,,] 23008 --- [           main] [] [] o.s.b.t.m.w.SpringBootMockServletContext : Initializing Spring TestDispatcherServlet ''
2023-08-25 19:45:46.439  INFO [-,,,] 23008 --- [           main] [] [] o.s.t.web.servlet.TestDispatcherServlet  : Initializing Servlet ''
2023-08-25 19:45:46.462  INFO [-,,,] 23008 --- [           main] [] [] o.s.t.web.servlet.TestDispatcherServlet  : Completed initialization in 23 ms
2023-08-25 19:45:46.527  INFO [-,,,] 23008 --- [           main] [] [] p.c.j.a.g.i.a.i.s.StatesResourceTest     : Started StatesResourceTest in 5.673 seconds (JVM running for 7.799)
2023-08-25 19:45:46.532  INFO [-,,,] 23008 --- [           main] [] [] p.c.jaha.api.general.GeneralApplication  : Ya se inicio el Api de Servicios Generales
2023-08-25 19:45:46.794  INFO [-,,,] 23008 --- [       Thread-3] [] [] o.s.s.concurrent.ThreadPoolTaskExecutor  : Shutting down ExecutorService 'applicationTaskExecutor'
2023-08-25 19:49:42.520  INFO [-,,,] 25744 --- [           main] [] [] trationDelegate$BeanPostProcessorChecker : Bean 'org.springframework.cloud.autoconfigure.ConfigurationPropertiesRebinderAutoConfiguration' of type [org.springframework.cloud.autoconfigure.ConfigurationPropertiesRebinderAutoConfiguration$$EnhancerBySpringCGLIB$$ad63cded] is not eligible for getting processed by all BeanPostProcessors (for example: not eligible for auto-proxying)
2023-08-25 19:49:43.328  INFO [-,,,] 25744 --- [           main] [] [] p.c.j.a.g.i.a.i.s.StatesResourceTest     : The following profiles are active: test
2023-08-25 19:49:44.056  INFO [-,,,] 25744 --- [           main] [] [] o.s.cloud.context.scope.GenericScope     : BeanFactory id=7fdbcf53-c098-39c7-9eba-3b3025c58b41
2023-08-25 19:49:45.444  INFO [-,,,] 25744 --- [           main] [] [] o.s.s.concurrent.ThreadPoolTaskExecutor  : Initializing ExecutorService 'applicationTaskExecutor'
2023-08-25 19:49:45.993  INFO [-,,,] 25744 --- [           main] [] [] o.s.b.t.m.w.SpringBootMockServletContext : Initializing Spring TestDispatcherServlet ''
2023-08-25 19:49:45.994  INFO [-,,,] 25744 --- [           main] [] [] o.s.t.web.servlet.TestDispatcherServlet  : Initializing Servlet ''
2023-08-25 19:49:46.018  INFO [-,,,] 25744 --- [           main] [] [] o.s.t.web.servlet.TestDispatcherServlet  : Completed initialization in 24 ms
2023-08-25 19:49:46.085  INFO [-,,,] 25744 --- [           main] [] [] p.c.j.a.g.i.a.i.s.StatesResourceTest     : Started StatesResourceTest in 5.451 seconds (JVM running for 7.443)
2023-08-25 19:49:46.092  INFO [-,,,] 25744 --- [           main] [] [] p.c.jaha.api.general.GeneralApplication  : Ya se inicio el Api de Servicios Generales
2023-08-25 19:49:46.309  INFO [-,,,] 25744 --- [       Thread-3] [] [] o.s.s.concurrent.ThreadPoolTaskExecutor  : Shutting down ExecutorService 'applicationTaskExecutor'
2023-08-25 20:06:38.842  INFO [-,,,] 9468 --- [           main] [] [] trationDelegate$BeanPostProcessorChecker : Bean 'org.springframework.cloud.autoconfigure.ConfigurationPropertiesRebinderAutoConfiguration' of type [org.springframework.cloud.autoconfigure.ConfigurationPropertiesRebinderAutoConfiguration$$EnhancerBySpringCGLIB$$27d39d79] is not eligible for getting processed by all BeanPostProcessors (for example: not eligible for auto-proxying)
2023-08-25 20:06:39.659  INFO [-,,,] 9468 --- [           main] [] [] p.c.j.a.g.i.a.i.s.StatesResourceTest     : The following profiles are active: test
2023-08-25 20:06:40.472  INFO [-,,,] 9468 --- [           main] [] [] o.s.cloud.context.scope.GenericScope     : BeanFactory id=a5cbbb87-0e57-38eb-a5c0-47c355f271f2
2023-08-25 20:06:41.928  INFO [-,,,] 9468 --- [           main] [] [] o.s.s.concurrent.ThreadPoolTaskExecutor  : Initializing ExecutorService 'applicationTaskExecutor'
2023-08-25 20:06:42.462  INFO [-,,,] 9468 --- [           main] [] [] o.s.b.t.m.w.SpringBootMockServletContext : Initializing Spring TestDispatcherServlet ''
2023-08-25 20:06:42.463  INFO [-,,,] 9468 --- [           main] [] [] o.s.t.web.servlet.TestDispatcherServlet  : Initializing Servlet ''
2023-08-25 20:06:42.490  INFO [-,,,] 9468 --- [           main] [] [] o.s.t.web.servlet.TestDispatcherServlet  : Completed initialization in 27 ms
2023-08-25 20:06:42.571  INFO [-,,,] 9468 --- [           main] [] [] p.c.j.a.g.i.a.i.s.StatesResourceTest     : Started StatesResourceTest in 5.538 seconds (JVM running for 7.45)
2023-08-25 20:06:42.576  INFO [-,,,] 9468 --- [           main] [] [] p.c.jaha.api.general.GeneralApplication  : Ya se inicio el Api de Servicios Generales
2023-08-25 20:06:42.752  INFO [-,,,] 9468 --- [           main] [] [] p.c.j.a.g.commons.FieldsFilterAdvice     : Verificamos si debemos filtrar el response
2023-08-25 20:06:42.865  INFO [-,,,] 9468 --- [       Thread-3] [] [] o.s.s.concurrent.ThreadPoolTaskExecutor  : Shutting down ExecutorService 'applicationTaskExecutor'
2023-08-25 20:07:20.791  INFO [-,,,] 17352 --- [           main] [] [] trationDelegate$BeanPostProcessorChecker : Bean 'org.springframework.cloud.autoconfigure.ConfigurationPropertiesRebinderAutoConfiguration' of type [org.springframework.cloud.autoconfigure.ConfigurationPropertiesRebinderAutoConfiguration$$EnhancerBySpringCGLIB$$27d39d79] is not eligible for getting processed by all BeanPostProcessors (for example: not eligible for auto-proxying)
2023-08-25 20:07:21.512  INFO [-,,,] 17352 --- [           main] [] [] p.c.j.a.g.i.a.i.c.CitiesResourceTest     : The following profiles are active: test
2023-08-25 20:07:22.264  INFO [-,,,] 17352 --- [           main] [] [] o.s.cloud.context.scope.GenericScope     : BeanFactory id=fcffbe16-141d-3f59-81d4-fe2b85313de4
2023-08-25 20:07:23.665  INFO [-,,,] 17352 --- [           main] [] [] o.s.s.concurrent.ThreadPoolTaskExecutor  : Initializing ExecutorService 'applicationTaskExecutor'
2023-08-25 20:07:24.221  INFO [-,,,] 17352 --- [           main] [] [] o.s.b.t.m.w.SpringBootMockServletContext : Initializing Spring TestDispatcherServlet ''
2023-08-25 20:07:24.221  INFO [-,,,] 17352 --- [           main] [] [] o.s.t.web.servlet.TestDispatcherServlet  : Initializing Servlet ''
2023-08-25 20:07:24.247  INFO [-,,,] 17352 --- [           main] [] [] o.s.t.web.servlet.TestDispatcherServlet  : Completed initialization in 25 ms
2023-08-25 20:07:24.302  INFO [-,,,] 17352 --- [           main] [] [] p.c.j.a.g.i.a.i.c.CitiesResourceTest     : Started CitiesResourceTest in 5.329 seconds (JVM running for 7.264)
2023-08-25 20:07:24.307  INFO [-,,,] 17352 --- [           main] [] [] p.c.jaha.api.general.GeneralApplication  : Ya se inicio el Api de Servicios Generales
2023-08-25 20:07:24.617  INFO [-,,,] 17352 --- [       Thread-3] [] [] o.s.s.concurrent.ThreadPoolTaskExecutor  : Shutting down ExecutorService 'applicationTaskExecutor'
2023-08-25 20:09:23.684  INFO [-,,,] 14060 --- [           main] [] [] trationDelegate$BeanPostProcessorChecker : Bean 'org.springframework.cloud.autoconfigure.ConfigurationPropertiesRebinderAutoConfiguration' of type [org.springframework.cloud.autoconfigure.ConfigurationPropertiesRebinderAutoConfiguration$$EnhancerBySpringCGLIB$$8aca83eb] is not eligible for getting processed by all BeanPostProcessors (for example: not eligible for auto-proxying)
2023-08-25 20:09:24.495  INFO [-,,,] 14060 --- [           main] [] [] p.c.j.a.g.i.a.i.c.CitiesResourceTest     : The following profiles are active: test
2023-08-25 20:09:25.255  INFO [-,,,] 14060 --- [           main] [] [] o.s.cloud.context.scope.GenericScope     : BeanFactory id=fcffbe16-141d-3f59-81d4-fe2b85313de4
2023-08-25 20:09:26.734  INFO [-,,,] 14060 --- [           main] [] [] o.s.s.concurrent.ThreadPoolTaskExecutor  : Initializing ExecutorService 'applicationTaskExecutor'
2023-08-25 20:09:27.414  INFO [-,,,] 14060 --- [           main] [] [] o.s.b.t.m.w.SpringBootMockServletContext : Initializing Spring TestDispatcherServlet ''
2023-08-25 20:09:27.415  INFO [-,,,] 14060 --- [           main] [] [] o.s.t.web.servlet.TestDispatcherServlet  : Initializing Servlet ''
2023-08-25 20:09:27.456  INFO [-,,,] 14060 --- [           main] [] [] o.s.t.web.servlet.TestDispatcherServlet  : Completed initialization in 41 ms
2023-08-25 20:09:27.534  INFO [-,,,] 14060 --- [           main] [] [] p.c.j.a.g.i.a.i.c.CitiesResourceTest     : Started CitiesResourceTest in 5.822 seconds (JVM running for 7.713)
2023-08-25 20:09:27.541  INFO [-,,,] 14060 --- [           main] [] [] p.c.jaha.api.general.GeneralApplication  : Ya se inicio el Api de Servicios Generales
2023-08-25 20:09:27.995  INFO [-,,,] 14060 --- [       Thread-3] [] [] o.s.s.concurrent.ThreadPoolTaskExecutor  : Shutting down ExecutorService 'applicationTaskExecutor'
2023-08-25 20:10:54.336  INFO [-,,,] 24852 --- [           main] [] [] trationDelegate$BeanPostProcessorChecker : Bean 'org.springframework.cloud.autoconfigure.ConfigurationPropertiesRebinderAutoConfiguration' of type [org.springframework.cloud.autoconfigure.ConfigurationPropertiesRebinderAutoConfiguration$$EnhancerBySpringCGLIB$$97d7358c] is not eligible for getting processed by all BeanPostProcessors (for example: not eligible for auto-proxying)
2023-08-25 20:10:55.039  INFO [-,,,] 24852 --- [           main] [] [] p.c.j.a.g.i.a.i.c.CitiesResourceTest     : The following profiles are active: test
2023-08-25 20:10:55.855  INFO [-,,,] 24852 --- [           main] [] [] o.s.cloud.context.scope.GenericScope     : BeanFactory id=fcffbe16-141d-3f59-81d4-fe2b85313de4
2023-08-25 20:10:57.346  INFO [-,,,] 24852 --- [           main] [] [] o.s.s.concurrent.ThreadPoolTaskExecutor  : Initializing ExecutorService 'applicationTaskExecutor'
2023-08-25 20:10:57.932  INFO [-,,,] 24852 --- [           main] [] [] o.s.b.t.m.w.SpringBootMockServletContext : Initializing Spring TestDispatcherServlet ''
2023-08-25 20:10:57.932  INFO [-,,,] 24852 --- [           main] [] [] o.s.t.web.servlet.TestDispatcherServlet  : Initializing Servlet ''
2023-08-25 20:10:57.973  INFO [-,,,] 24852 --- [           main] [] [] o.s.t.web.servlet.TestDispatcherServlet  : Completed initialization in 41 ms
2023-08-25 20:10:58.073  INFO [-,,,] 24852 --- [           main] [] [] p.c.j.a.g.i.a.i.c.CitiesResourceTest     : Started CitiesResourceTest in 5.61 seconds (JVM running for 7.091)
2023-08-25 20:10:58.089  INFO [-,,,] 24852 --- [           main] [] [] p.c.jaha.api.general.GeneralApplication  : Ya se inicio el Api de Servicios Generales
2023-08-25 20:10:58.410  INFO [-,,,] 24852 --- [           main] [] [] .b.t.a.w.s.WebMvcTestContextBootstrapper : Neither @ContextConfiguration nor @ContextHierarchy found for test class [py.com.jaha.api.vouchers.infraestructure.adapters.in.states.StatesResourceTest], using SpringBootContextLoader
2023-08-25 20:10:58.410  INFO [-,,,] 24852 --- [           main] [] [] o.s.t.c.support.AbstractContextLoader    : Could not detect default resource locations for test class [py.com.jaha.api.vouchers.infraestructure.adapters.in.states.StatesResourceTest]: no resource found for suffixes {-context.xml, Context.groovy}.
2023-08-25 20:10:58.413  INFO [-,,,] 24852 --- [           main] [] [] t.c.s.AnnotationConfigContextLoaderUtils : Could not detect default configuration classes for test class [py.com.jaha.api.vouchers.infraestructure.adapters.in.states.StatesResourceTest]: StatesResourceTest does not declare any static, non-private, non-final, nested classes annotated with @Configuration.
2023-08-25 20:10:58.435  INFO [-,,,] 24852 --- [           main] [] [] .b.t.c.SpringBootTestContextBootstrapper : Found @SpringBootConfiguration py.com.jaha.api.vouchers.GeneralApplication for test class py.com.jaha.api.vouchers.infraestructure.adapters.in.states.StatesResourceTest
2023-08-25 20:10:58.451  INFO [-,,,] 24852 --- [           main] [] [] .b.t.a.w.s.WebMvcTestContextBootstrapper : Loaded default TestExecutionListener class names from location [META-INF/spring.factories]: [org.springframework.boot.test.mock.mockito.MockitoTestExecutionListener, org.springframework.boot.test.mock.mockito.ResetMocksTestExecutionListener, org.springframework.boot.test.autoconfigure.restdocs.RestDocsTestExecutionListener, org.springframework.boot.test.autoconfigure.web.client.MockRestServiceServerResetTestExecutionListener, org.springframework.boot.test.autoconfigure.web.servlet.MockMvcPrintOnlyOnFailureTestExecutionListener, org.springframework.boot.test.autoconfigure.web.servlet.WebDriverTestExecutionListener, org.springframework.test.context.web.ServletTestExecutionListener, org.springframework.test.context.support.DirtiesContextBeforeModesTestExecutionListener, org.springframework.test.context.support.DependencyInjectionTestExecutionListener, org.springframework.test.context.support.DirtiesContextTestExecutionListener, org.springframework.test.context.transaction.TransactionalTestExecutionListener, org.springframework.test.context.jdbc.SqlScriptsTestExecutionListener]
2023-08-25 20:10:58.451  INFO [-,,,] 24852 --- [           main] [] [] .b.t.a.w.s.WebMvcTestContextBootstrapper : Using TestExecutionListeners: [org.springframework.test.context.web.ServletTestExecutionListener@6f6c8d45, org.springframework.test.context.support.DirtiesContextBeforeModesTestExecutionListener@7f2ca6f8, org.springframework.boot.test.mock.mockito.MockitoTestExecutionListener@79d49790, org.springframework.boot.test.autoconfigure.SpringBootDependencyInjectionTestExecutionListener@13dc6649, org.springframework.test.context.support.DirtiesContextTestExecutionListener@1851c7d2, org.springframework.test.context.transaction.TransactionalTestExecutionListener@250a946, org.springframework.test.context.jdbc.SqlScriptsTestExecutionListener@5fe5c68b, org.springframework.boot.test.mock.mockito.ResetMocksTestExecutionListener@2ffb0d10, org.springframework.boot.test.autoconfigure.restdocs.RestDocsTestExecutionListener@3982206a, org.springframework.boot.test.autoconfigure.web.client.MockRestServiceServerResetTestExecutionListener@3e9fb485, org.springframework.boot.test.autoconfigure.web.servlet.MockMvcPrintOnlyOnFailureTestExecutionListener@4f3fec43, org.springframework.boot.test.autoconfigure.web.servlet.WebDriverTestExecutionListener@38dbeb39]
2023-08-25 20:10:59.121  INFO [-,,,] 24852 --- [           main] [] [] trationDelegate$BeanPostProcessorChecker : Bean 'org.springframework.cloud.autoconfigure.ConfigurationPropertiesRebinderAutoConfiguration' of type [org.springframework.cloud.autoconfigure.ConfigurationPropertiesRebinderAutoConfiguration$$EnhancerBySpringCGLIB$$97d7358c] is not eligible for getting processed by all BeanPostProcessors (for example: not eligible for auto-proxying)
2023-08-25 20:10:59.978  INFO [-,,,] 24852 --- [           main] [] [] p.c.j.a.g.i.a.i.s.StatesResourceTest     : The following profiles are active: test
2023-08-25 20:11:00.379  INFO [-,,,] 24852 --- [           main] [] [] o.s.cloud.context.scope.GenericScope     : BeanFactory id=a5cbbb87-0e57-38eb-a5c0-47c355f271f2
2023-08-25 20:11:01.052  INFO [-,,,] 24852 --- [           main] [] [] o.s.s.concurrent.ThreadPoolTaskExecutor  : Initializing ExecutorService 'applicationTaskExecutor'
2023-08-25 20:11:01.288  INFO [-,,,] 24852 --- [           main] [] [] o.s.b.t.m.w.SpringBootMockServletContext : Initializing Spring TestDispatcherServlet ''
2023-08-25 20:11:01.288  INFO [-,,,] 24852 --- [           main] [] [] o.s.t.web.servlet.TestDispatcherServlet  : Initializing Servlet ''
2023-08-25 20:11:01.305  INFO [-,,,] 24852 --- [           main] [] [] o.s.t.web.servlet.TestDispatcherServlet  : Completed initialization in 9 ms
2023-08-25 20:11:01.346  INFO [-,,,] 24852 --- [           main] [] [] p.c.j.a.g.i.a.i.s.StatesResourceTest     : Started StatesResourceTest in 2.895 seconds (JVM running for 10.353)
2023-08-25 20:11:01.346  INFO [-,,,] 24852 --- [           main] [] [] p.c.jaha.api.general.GeneralApplication  : Ya se inicio el Api de Servicios Generales
2023-08-25 20:11:01.363  INFO [-,,,] 24852 --- [           main] [] [] p.c.j.a.g.commons.FieldsFilterAdvice     : Verificamos si debemos filtrar el response
2023-08-25 20:11:01.432  INFO [-,,,] 24852 --- [       Thread-7] [] [] o.s.s.concurrent.ThreadPoolTaskExecutor  : Shutting down ExecutorService 'applicationTaskExecutor'
2023-08-25 20:11:01.432  INFO [-,,,] 24852 --- [       Thread-3] [] [] o.s.s.concurrent.ThreadPoolTaskExecutor  : Shutting down ExecutorService 'applicationTaskExecutor'
